\BOOKMARK [0][-]{chapter.1}{The\040group\040process}{}% 1
\BOOKMARK [0][-]{chapter.2}{The\040Structure\040of\040a\040Session}{}% 2
\BOOKMARK [0][-]{chapter.3}{Keeping\040your\040group\040safe}{}% 3
\BOOKMARK [0][-]{chapter.4}{Dealing\040with\040complex\040sites}{}% 4
\BOOKMARK [0][-]{chapter.5}{What\040does\040the\040group\040leader\040do?}{}% 5
\BOOKMARK [0][-]{chapter.6}{The engineer’s role}{}% 6
\BOOKMARK [0][-]{chapter.7}{Documenting\040the\040project}{}% 7
\BOOKMARK [0][-]{chapter.8}{Expenses}{}% 8
\BOOKMARK [0][-]{chapter.9}{Session\0401\040-\040Basic\040concepts}{}% 9
\BOOKMARK [1][-]{section.9.1}{Special\040preparation\040for\040the\040facilitator}{chapter.9}% 10
\BOOKMARK [1][-]{section.9.2}{Things\040for\040the\040group\040to\040bring}{chapter.9}% 11
\BOOKMARK [1][-]{section.9.3}{Engineer\040Talk\040-\040Session\040Concepts}{chapter.9}% 12
\BOOKMARK [1][-]{section.9.4}{Activity:\040Building\040orientation}{chapter.9}% 13
\BOOKMARK [1][-]{section.9.5}{Takeaways\040and\040Planning}{chapter.9}% 14
\BOOKMARK [1][-]{section.9.6}{The Engineer’s Report}{chapter.9}% 15
\BOOKMARK [0][-]{chapter.10}{Session\0402}{}% 16
\BOOKMARK [1][-]{section.10.1}{Activity:\040Building\040survey}{chapter.10}% 17
\BOOKMARK [1][-]{section.10.2}{Takeaways\040and\040planning}{chapter.10}% 18
\BOOKMARK [0][-]{chapter.11}{Session\0403}{}% 19
\BOOKMARK [1][-]{section.11.1}{Session\040Preparation}{chapter.11}% 20
\BOOKMARK [1][-]{section.11.2}{What\040to\040bring}{chapter.11}% 21
\BOOKMARK [1][-]{section.11.3}{Group\040leader}{chapter.11}% 22
\BOOKMARK [1][-]{section.11.4}{Engineer}{chapter.11}% 23
\BOOKMARK [1][-]{section.11.5}{Engineer\040Talk}{chapter.11}% 24
\BOOKMARK [1][-]{section.11.6}{Session\040Activity\040-\040Mapping\040Building\040Use}{chapter.11}% 25
\BOOKMARK [2][-]{subsection.11.6.1}{What\040you\040need\040for\040the\040activity}{section.11.6}% 26
\BOOKMARK [2][-]{subsection.11.6.2}{How\040to\040run\040the\040activity}{section.11.6}% 27
\BOOKMARK [1][-]{section.11.7}{Takeaways\040and\040Planning}{chapter.11}% 28
\BOOKMARK [0][-]{chapter.12}{Session\0404}{}% 29
\BOOKMARK [1][-]{section.12.1}{Consolidate:\040use\040PATH\040to\040plan\040what\040changes\040they\040want\040to\040make\040in\040the\040building}{chapter.12}% 30
\BOOKMARK [1][-]{section.12.2}{Brainstorming\040actions}{chapter.12}% 31
\BOOKMARK [1][-]{section.12.3}{Plan\040community\040engagement\040event}{chapter.12}% 32
\BOOKMARK [1][-]{section.12.4}{What is next for this group – closing}{chapter.12}% 33
\BOOKMARK [1][-]{section.12.5}{Session\040Preparation}{chapter.12}% 34
\BOOKMARK [1][-]{section.12.6}{Engineer\040Talk}{chapter.12}% 35
\BOOKMARK [1][-]{section.12.7}{Activity}{chapter.12}% 36
\BOOKMARK [1][-]{section.12.8}{Takeaways\040and\040Planning}{chapter.12}% 37
